This is XeTeX, Version 3.1415926-2.4-0.9998 (TeX Live 2012) (format=xelatex 2012.6.30)  17 JUL 2015 22:11
entering extended mode
 restricted \write18 enabled.
 file:line:error style messages enabled.
 %&-line parsing enabled.
**cv.tex
(./cv.tex
LaTeX2e <2011/06/27>
Babel <v3.8m> and hyphenation patterns for english, dumylang, nohyphenation, ge
rman-x-2012-05-30, ngerman-x-2012-05-30, afrikaans, ancientgreek, ibycus, arabi
c, armenian, basque, bulgarian, catalan, pinyin, coptic, croatian, czech, danis
h, dutch, ukenglish, usenglishmax, esperanto, estonian, ethiopic, farsi, finnis
h, french, friulan, galician, german, ngerman, swissgerman, monogreek, greek, h
ungarian, icelandic, assamese, bengali, gujarati, hindi, kannada, malayalam, ma
rathi, oriya, panjabi, tamil, telugu, indonesian, interlingua, irish, italian, 
kurmanji, latin, latvian, lithuanian, mongolian, mongolianlmc, bokmal, nynorsk,
 polish, portuguese, romanian, romansh, russian, sanskrit, serbian, serbianc, s
lovak, slovenian, spanish, swedish, turkish, turkmen, ukrainian, uppersorbian, 
welsh, loaded.
(/usr/local/texlive/2012/texmf-dist/tex/latex/base/article.cls
Document Class: article 2007/10/19 v1.4h Standard LaTeX document class
(/usr/local/texlive/2012/texmf-dist/tex/latex/base/size11.clo
File: size11.clo 2007/10/19 v1.4h Standard LaTeX file (size option)
)
\c@part=\count80
\c@section=\count81
\c@subsection=\count82
\c@subsubsection=\count83
\c@paragraph=\count84
\c@subparagraph=\count85
\c@figure=\count86
\c@table=\count87
\abovecaptionskip=\skip41
\belowcaptionskip=\skip42
\bibindent=\dimen102
)
(/usr/local/texlive/2012/texmf-dist/tex/latex/fontspec/fontspec.sty
Package: fontspec 2012/05/06 v2.2b Advanced font selection for XeLaTeX/LuaLaTeX


(/usr/local/texlive/2012/texmf-dist/tex/latex/l3kernel/expl3.sty
(/usr/local/texlive/2012/texmf-dist/tex/latex/l3kernel/l3names.sty
(/usr/local/texlive/2012/texmf-dist/tex/latex/l3kernel/l3bootstrap.sty
Package: l3bootstrap 2011/12/29 v3110 L3 Experimental bootstrap code
)
Package: l3names 2012/03/04 v3494 L3 Experimental namespace for primitives
)
(/usr/local/texlive/2012/texmf-dist/tex/latex/etex-pkg/etex.sty
Package: etex 1998/03/26 v2.0 eTeX basic definition package (PEB)
\et@xins=\count88
)
Package: expl3 2012/04/23 v3570 L3 Experimental code bundle wrapper

(/usr/local/texlive/2012/texmf-dist/tex/latex/graphics/color.sty
Package: color 2005/11/14 v1.0j Standard LaTeX Color (DPC)

(/usr/local/texlive/2012/texmf-dist/tex/latex/latexconfig/color.cfg
File: color.cfg 2007/01/18 v1.5 color configuration of teTeX/TeXLive
)
Package color Info: Driver file: xetex.def on input line 130.

(/usr/local/texlive/2012/texmf-dist/tex/xelatex/xetex-def/xetex.def
File: xetex.def 2009/11/22 v0.94 LaTeX color/graphics driver for XeTeX (RRM/JK)

))
(/usr/local/texlive/2012/texmf-dist/tex/latex/graphics/graphics.sty
Package: graphics 2009/02/05 v1.0o Standard LaTeX Graphics (DPC,SPQR)

(/usr/local/texlive/2012/texmf-dist/tex/latex/graphics/trig.sty
Package: trig 1999/03/16 v1.09 sin cos tan (DPC)
)
(/usr/local/texlive/2012/texmf-dist/tex/latex/latexconfig/graphics.cfg
File: graphics.cfg 2010/04/23 v1.9 graphics configuration of TeX Live
)
Package graphics Info: Driver file: xetex.def on input line 91.
)
(/usr/local/texlive/2012/texmf-dist/tex/latex/l3kernel/l3basics.sty
Package: l3basics 2012/03/04 v3491 L3 Experimental basic definitions
)
(/usr/local/texlive/2012/texmf-dist/tex/latex/l3kernel/l3expan.sty
Package: l3expan 2012/02/26 v3460 L3 Experimental argument expansion
)
(/usr/local/texlive/2012/texmf-dist/tex/latex/l3kernel/l3tl.sty
Package: l3tl 2012/03/04 v3490 L3 Experimental token lists
)
(/usr/local/texlive/2012/texmf-dist/tex/latex/l3kernel/l3seq.sty
Package: l3seq 2012/03/04 v3490 L3 Experimental sequences and stacks
)
(/usr/local/texlive/2012/texmf-dist/tex/latex/l3kernel/l3int.sty
Package: l3int 2012/03/04 v3490 L3 Experimental integers
\c_max_int=\count89
\l_tmpa_int=\count90
\l_tmpb_int=\count91
\l_tmpc_int=\count92
\g_tmpa_int=\count93
\g_tmpb_int=\count94
)
(/usr/local/texlive/2012/texmf-dist/tex/latex/l3kernel/l3quark.sty
Package: l3quark 2012/02/12 v3384 L3 Experimental quarks
)
(/usr/local/texlive/2012/texmf-dist/tex/latex/l3kernel/l3prg.sty
Package: l3prg 2012/03/04 v3490 L3 Experimental control structures
\g_prg_map_int=\count95
)
(/usr/local/texlive/2012/texmf-dist/tex/latex/l3kernel/l3clist.sty
Package: l3clist 2012/03/04 v3490 L3 Experimental comma separated lists
)
(/usr/local/texlive/2012/texmf-dist/tex/latex/l3kernel/l3token.sty
Package: l3token 2012/03/04 v3491 L3 Experimental token manipulation
)
(/usr/local/texlive/2012/texmf-dist/tex/latex/l3kernel/l3prop.sty
Package: l3prop 2012/03/04 v3490 L3 Experimental property lists
)
(/usr/local/texlive/2012/texmf-dist/tex/latex/l3kernel/l3msg.sty
Package: l3msg 2012/04/23 v3568 L3 Experimental messages
)
(/usr/local/texlive/2012/texmf-dist/tex/latex/l3kernel/l3file.sty
Package: l3file 2012/03/09 v3520 L3 Experimental file and I/O operations
\l_iow_stream_int=\count96
\l_iow_line_length_int=\count97
\l_iow_target_length_int=\count98
\l_iow_current_line_int=\count99
\l_iow_current_word_int=\count100
\l_iow_current_indentation_int=\count101
)
(/usr/local/texlive/2012/texmf-dist/tex/latex/l3kernel/l3skip.sty
Package: l3skip 2012/03/05 v3499 L3 Experimental dimensions and skips
\l_tmpa_dim=\dimen103
\l_tmpb_dim=\dimen104
\l_tmpc_dim=\dimen105
\g_tmpa_dim=\dimen106
\g_tmpb_dim=\dimen107
\l_tmpa_skip=\skip43
\l_tmpb_skip=\skip44
\l_tmpc_skip=\skip45
\g_tmpa_skip=\skip46
\g_tmpb_skip=\skip47
)
(/usr/local/texlive/2012/texmf-dist/tex/latex/l3kernel/l3keys.sty
Package: l3keys 2012/03/03 v3487 L3 Experimental key-value interfaces
\g_keyval_level_int=\count102
\l_keys_choice_int=\count103
)
(/usr/local/texlive/2012/texmf-dist/tex/latex/l3kernel/l3fp.sty
Package: l3fp 2012/03/04 v3490 L3 Experimental floating-point operations
\c_one_hundred_million=\count104
\c_five_hundred_million=\count105
\c_one_thousand_million=\count106
\c_fp_pi_by_four_decimal_int=\count107
\c_fp_pi_by_four_extended_int=\count108
\c_fp_pi_decimal_int=\count109
\c_fp_pi_extended_int=\count110
\c_fp_two_pi_decimal_int=\count111
\c_fp_two_pi_extended_int=\count112
\l_fp_count_int=\count113
\l_fp_div_offset_int=\count114
\l_fp_exp_integer_int=\count115
\l_fp_exp_decimal_int=\count116
\l_fp_exp_extended_int=\count117
\l_fp_exp_exponent_int=\count118
\l_fp_input_a_sign_int=\count119
\l_fp_input_a_integer_int=\count120
\l_fp_input_a_decimal_int=\count121
\l_fp_input_a_exponent_int=\count122
\l_fp_input_b_sign_int=\count123
\l_fp_input_b_integer_int=\count124
\l_fp_input_b_decimal_int=\count125
\l_fp_input_b_exponent_int=\count126
\l_fp_input_a_extended_int=\count127
\l_fp_input_b_extended_int=\count128
\l_fp_mul_a_i_int=\count129
\l_fp_mul_a_ii_int=\count130
\l_fp_mul_a_iii_int=\count131
\l_fp_mul_a_iv_int=\count132
\l_fp_mul_a_v_int=\count133
\l_fp_mul_a_vi_int=\count134
\l_fp_mul_b_i_int=\count135
\l_fp_mul_b_ii_int=\count136
\l_fp_mul_b_iii_int=\count137
\l_fp_mul_b_iv_int=\count138
\l_fp_mul_b_v_int=\count139
\l_fp_mul_b_vi_int=\count140
\l_fp_mul_output_int=\count141
\l_fp_output_sign_int=\count142
\l_fp_output_integer_int=\count143
\l_fp_output_decimal_int=\count144
\l_fp_output_exponent_int=\count145
\l_fp_output_extended_int=\count146
\l_fp_round_position_int=\count147
\l_fp_round_target_int=\count148
\l_fp_split_sign_int=\count149
\l_fp_internal_int=\count150
\l_fp_trig_octant_int=\count151
\l_fp_trig_sign_int=\count152
\l_fp_trig_decimal_int=\count153
\l_fp_trig_extended_int=\count154
\l_fp_internal_dim=\dimen108
\l_fp_internal_skip=\skip48
)
(/usr/local/texlive/2012/texmf-dist/tex/latex/l3kernel/l3box.sty
Package: l3box 2012/03/04 v3490 L3 Experimental boxes
\l_tmpb_box=\box26
\l_box_top_dim=\dimen109
\l_box_bottom_dim=\dimen110
\l_box_left_dim=\dimen111
\l_box_right_dim=\dimen112
\l_box_top_new_dim=\dimen113
\l_box_bottom_new_dim=\dimen114
\l_box_left_new_dim=\dimen115
\l_box_right_new_dim=\dimen116
\l_box_internal_box=\box27
)
(/usr/local/texlive/2012/texmf-dist/tex/latex/l3kernel/l3coffins.sty
Package: l3coffins 2012/03/03 v3482 L3 Experimental coffin code layer
\l_coffin_internal_box=\box28
\l_coffin_internal_dim=\dimen117
\l_coffin_offset_x_dim=\dimen118
\l_coffin_offset_y_dim=\dimen119
\l_coffin_x_dim=\dimen120
\l_coffin_y_dim=\dimen121
\l_coffin_x_prime_dim=\dimen122
\l_coffin_y_prime_dim=\dimen123
\l_coffin_Depth_dim=\dimen124
\l_coffin_Height_dim=\dimen125
\l_coffin_TotalHeight_dim=\dimen126
\l_coffin_Width_dim=\dimen127
\c_empty_coffin=\box29
\l_coffin_aligned_coffin=\box30
\l_coffin_aligned_internal_coffin=\box31
\l_coffin_bounding_shift_dim=\dimen128
\l_coffin_left_corner_dim=\dimen129
\l_coffin_right_corner_dim=\dimen130
\l_coffin_bottom_corner_dim=\dimen131
\l_coffin_top_corner_dim=\dimen132
\l_coffin_scaled_total_height_dim=\dimen133
\l_coffin_scaled_width_dim=\dimen134
\l_coffin_display_coffin=\box32
\l_coffin_display_coord_coffin=\box33
\l_coffin_display_pole_coffin=\box34
\l_coffin_display_offset_dim=\dimen135
\l_coffin_display_x_dim=\dimen136
\l_coffin_display_y_dim=\dimen137
)
(/usr/local/texlive/2012/texmf-dist/tex/latex/l3kernel/l3color.sty
Package: l3color 2011/09/07 v2776 L3 Experimental colour support
)
(/usr/local/texlive/2012/texmf-dist/tex/latex/l3kernel/l3luatex.sty
Package: l3luatex 2012/02/09 v3355 L3 Experimental LuaTeX-specific functions
\g_cctab_allocate_int=\count155
\g_cctab_stack_int=\count156
))
(/usr/local/texlive/2012/texmf-dist/tex/latex/l3packages/xparse/xparse.sty
Package: xparse 2012/04/23 v3570 L3 Experimental document command parser
\l_xparse_current_arg_int=\count157
\l_xparse_m_args_int=\count158
\l_xparse_mandatory_args_int=\count159
\l_xparse_processor_int=\count160
\l_xparse_v_nesting_int=\count161
)
\l_fontspec_script_int=\count162
\l_fontspec_language_int=\count163
\l_fontspec_strnum_int=\count164
\l_fontspec_tmpa_dim=\dimen138
\l_fontspec_tmpb_dim=\dimen139
\l_fontspec_tmpc_dim=\dimen140
Variant \tl_gset:cV already defined; not changing it on line 66

(/usr/local/texlive/2012/texmf-dist/tex/latex/fontspec/fontspec-patches.sty
Package: fontspec-patches 2012/05/06 v2.2b Advanced font selection for XeLaTeX/
LuaLaTeX

(/usr/local/texlive/2012/texmf-dist/tex/latex/base/fixltx2e.sty
Package: fixltx2e 2006/09/13 v1.1m fixes to LaTeX
LaTeX Info: Redefining \em on input line 420.
)
LaTeX Info: Redefining \em on input line 22.
LaTeX Info: Redefining \emph on input line 29.
LaTeX Info: Redefining \- on input line 32.

*************************************************
* LaTeX warning: "xparse/redefine-command"
* 
* Redefining document command \oldstylenums with arg. spec. 'm' on line 107.
*************************************************
.................................................
. LaTeX info: "xparse/define-command"
. 
. Defining document command \liningnums with arg. spec. 'm' on line 111.
.................................................
) (/usr/local/texlive/2012/texmf-dist/tex/latex/fontspec/fontspec-xetex.sty
Package: fontspec-xetex 2012/05/06 v2.2b Advanced font selection for XeLaTeX/Lu
aLaTeX

(/usr/local/texlive/2012/texmf-dist/tex/latex/base/fontenc.sty
Package: fontenc 2005/09/27 v1.99g Standard LaTeX package

(/usr/local/texlive/2012/texmf-dist/tex/latex/euenc/eu1enc.def
File: eu1enc.def 2010/05/27 v0.1h Experimental Unicode font encodings
)
LaTeX Font Info:    Try loading font information for EU1+lmr on input line 100.


(/usr/local/texlive/2012/texmf-dist/tex/latex/euenc/eu1lmr.fd
File: eu1lmr.fd 2009/10/30 v1.6 Font defs for Latin Modern
))
(/usr/local/texlive/2012/texmf-dist/tex/xelatex/xunicode/xunicode.sty
File: xunicode.sty 2011/09/09 v0.981 provides access to latin accents and many 
other characters in Unicode lower plane

(/usr/local/texlive/2012/texmf-dist/tex/latex/tipa/t3enc.def
File: t3enc.def 2001/12/31 T3 encoding
LaTeX Font Info:    Try loading font information for EU1+lmss on input line 357
.

(/usr/local/texlive/2012/texmf-dist/tex/latex/euenc/eu1lmss.fd
File: eu1lmss.fd 2009/10/30 v1.6 Font defs for Latin Modern
))
\tipaTiiicode=\count165
\tipasavetokens=\toks14
\tipachecktokens=\toks15

(/usr/local/texlive/2012/texmf-dist/tex/latex/graphics/graphicx.sty
Package: graphicx 1999/02/16 v1.0f Enhanced LaTeX Graphics (DPC,SPQR)

(/usr/local/texlive/2012/texmf-dist/tex/latex/graphics/keyval.sty
Package: keyval 1999/03/16 v1.13 key=value parser (DPC)
\KV@toks@=\toks16
)
\Gin@req@height=\dimen141
\Gin@req@width=\dimen142
))
.................................................
. LaTeX info: "xparse/define-command"
. 
. Defining document command \fontspec with arg. spec. 'O{}m' on line 39.
.................................................
.................................................
. LaTeX info: "xparse/define-command"
. 
. Defining document command \setmainfont with arg. spec. 'O{}m' on line 43.
.................................................
.................................................
. LaTeX info: "xparse/define-command"
. 
. Defining document command \setsansfont with arg. spec. 'O{}m' on line 47.
.................................................
.................................................
. LaTeX info: "xparse/define-command"
. 
. Defining document command \setmonofont with arg. spec. 'O{}m' on line 51.
.................................................
.................................................
. LaTeX info: "xparse/define-command"
. 
. Defining document command \setmathrm with arg. spec. 'O{}m' on line 59.
.................................................
.................................................
. LaTeX info: "xparse/define-command"
. 
. Defining document command \setboldmathrm with arg. spec. 'O{}m' on line 62.
.................................................
.................................................
. LaTeX info: "xparse/define-command"
. 
. Defining document command \setmathsf with arg. spec. 'O{}m' on line 65.
.................................................
.................................................
. LaTeX info: "xparse/define-command"
. 
. Defining document command \setmathtt with arg. spec. 'O{}m' on line 68.
.................................................
.................................................
. LaTeX info: "xparse/define-command"
. 
. Defining document command \newfontfamily with arg. spec. 'mO{}m' on line 84.
.................................................
.................................................
. LaTeX info: "xparse/define-command"
. 
. Defining document command \newfontface with arg. spec. 'mO{}m' on line 87.
.................................................
.................................................
. LaTeX info: "xparse/define-command"
. 
. Defining document command \defaultfontfeatures with arg. spec. 'm' on line
. 91.
.................................................
.................................................
. LaTeX info: "xparse/define-command"
. 
. Defining document command \addfontfeatures with arg. spec. 'm' on line 107.
.................................................
.................................................
. LaTeX info: "xparse/define-command"
. 
. Defining document command \newfontfeature with arg. spec. 'mm' on line 118.
.................................................
.................................................
. LaTeX info: "xparse/define-command"
. 
. Defining document command \newAATfeature with arg. spec. 'mmmm' on line 125.
.................................................
.................................................
. LaTeX info: "xparse/define-command"
. 
. Defining document command \newICUfeature with arg. spec. 'mmm' on line 132.
.................................................
.................................................
. LaTeX info: "xparse/define-command"
. 
. Defining document command \aliasfontfeature with arg. spec. 'mm' on line
. 159.
.................................................
.................................................
. LaTeX info: "xparse/define-command"
. 
. Defining document command \aliasfontfeatureoption with arg. spec. 'mmm' on
. line 164.
.................................................
.................................................
. LaTeX info: "xparse/define-command"
. 
. Defining document command \newfontscript with arg. spec. 'mm' on line 169.
.................................................
.................................................
. LaTeX info: "xparse/define-command"
. 
. Defining document command \newfontlanguage with arg. spec. 'mm' on line 192.
.................................................
.................................................
. LaTeX info: "xparse/define-command"
. 
. Defining document command \DeclareFontsExtensions with arg. spec. 'm' on
. line 211.
.................................................
Variant \prop_gput:cnV already defined; not changing it on line 485
Variant \prop_gput:cnx already defined; not changing it on line 486
\l_fontspec_tmp_int=\count166
LaTeX Info: Redefining \itshape on input line 1893.
LaTeX Info: Redefining \slshape on input line 1897.
LaTeX Info: Redefining \scshape on input line 1901.
LaTeX Info: Redefining \upshape on input line 1905.

(/usr/local/texlive/2012/texmf-dist/tex/latex/fontspec/fontspec.cfg)))
(/usr/local/texlive/2012/texmf-dist/tex/latex/xltxtra/xltxtra.sty
Package: xltxtra 2010/09/20 v0.5e Improvements for the "XeLaTeX" format

(/usr/local/texlive/2012/texmf-dist/tex/generic/oberdiek/ifluatex.sty
Package: ifluatex 2010/03/01 v1.3 Provides the ifluatex switch (HO)
Package ifluatex Info: LuaTeX not detected.
)
(/usr/local/texlive/2012/texmf-dist/tex/generic/ifxetex/ifxetex.sty
Package: ifxetex 2010/09/12 v0.6 Provides ifxetex conditional
)
(/usr/local/texlive/2012/texmf-dist/tex/latex/realscripts/realscripts.sty
Package: realscripts 2010/09/30 v0.3 Access OpenType subscripts and superscript
s
.................................................
. LaTeX info: "xparse/define-command"
. 
. Defining document command \fakesubscript with arg. spec. 'm' on line 19.
.................................................
.................................................
. LaTeX info: "xparse/define-command"
. 
. Defining document command \fakesuperscript with arg. spec. 'm' on line 22.
.................................................

*************************************************
* LaTeX warning: "xparse/redefine-command"
* 
* Redefining document command \textsubscript with arg. spec. 's' on line 25.
*************************************************
*************************************************
* LaTeX warning: "xparse/redefine-command"
* 
* Redefining document command \textsuperscript with arg. spec. 's' on line 28.
*************************************************
.................................................
. LaTeX info: "xparse/define-command"
. 
. Defining document command \realsubscript with arg. spec. 'm' on line 45.
.................................................
.................................................
. LaTeX info: "xparse/define-command"
. 
. Defining document command \realsuperscript with arg. spec. 'm' on line 60.
.................................................
.................................................
. LaTeX info: "xparse/define-command"
. 
. Defining document command \textsubsuperscript with arg. spec. 'sO{l}mm' on
. line 137.
.................................................
.................................................
. LaTeX info: "xparse/define-command"
. 
. Defining document command \textsupersubscript with arg. spec. 'sO{l}mm' on
. line 140.
.................................................
\subsupersep=\dimen143
) (/usr/local/texlive/2012/texmf-dist/tex/latex/metalogo/metalogo.sty
Package: metalogo 2010/05/29 v0.12 Extended TeX logo macros
\xl@everylogo=\toks17
\xl@@everylogo=\toks18
LaTeX Info: Redefining \TeX on input line 193.
LaTeX Info: Redefining \LaTeX on input line 202.
LaTeX Info: Redefining \LaTeXe on input line 219.
)
\xxt@tempbox=\box35
)
.................................................
. fontspec info: "set-scale"
. 
. Trebuchet MS scale = 0.8252531280.
.................................................
\g_fontspec_family_Trebuchet MS_int=\count167
.................................................
. fontspec info: "set-scale"
. 
. Trebuchet MS scale = 0.8252531280.
.................................................
.................................................
. fontspec info: "set-scale"
. 
. Trebuchet MS/B scale = 0.8252531280.
.................................................
.................................................
. fontspec info: "set-scale"
. 
. Trebuchet MS/I scale = 0.8252531280.
.................................................
.................................................
. fontspec info: "set-scale"
. 
. Trebuchet MS/BI scale = 0.8252531280.
.................................................
.................................................
. fontspec info: "defining-font"
. 
. Font family 'TrebuchetMS(0)' created for font 'Trebuchet MS' with options
. [Scale=MatchLowercase,Mapping=tex-text].
. 
. This font family consists of the following shapes:
. 
. * 'normal' with NFSS spec.:
. <->s*[0.8252531280]"Trebuchet
. MS/ICU:script=latn;language=DFLT;mapping=tex-text;"
. 
. * 'bold' with NFSS spec.:
. <->s*[0.8252531280]"Trebuchet
. MS/B/ICU:script=latn;language=DFLT;mapping=tex-text;"
. 
. * 'italic' with NFSS spec.:
. <->s*[0.8252531280]"Trebuchet
. MS/I/ICU:script=latn;language=DFLT;mapping=tex-text;"
. 
. * 'bold italic' with NFSS spec.:
. <->s*[0.8252531280]"Trebuchet
. MS/BI/ICU:script=latn;language=DFLT;mapping=tex-text;"
.................................................
LaTeX Font Info:    Font shape `EU1/TrebuchetMS(0)/m/n' will be
(Font)              scaled to size 8.25256pt on input line 36.
.................................................
. fontspec info: "no-scripts"
. 
. Font Times does not contain any OpenType `Script' information.
.................................................
.................................................
. fontspec info: "set-scale"
. 
. Times scale = 0.9615405190.
.................................................
\g_fontspec_family_Times_int=\count168
.................................................
. fontspec info: "set-scale"
. 
. Times scale = 0.9615405190.
.................................................
.................................................
. fontspec info: "set-scale"
. 
. Times/B scale = 0.9353738250.
.................................................
.................................................
. fontspec info: "set-scale"
. 
. Times/I scale = 0.9717311860.
.................................................
.................................................
. fontspec info: "set-scale"
. 
. Times/BI scale = 0.9322037920.
.................................................
.................................................
. fontspec info: "defining-font"
. 
. Font family 'Times(0)' created for font 'Times' with options
. [Scale=MatchLowercase,].
. 
. This font family consists of the following shapes:
. 
. * 'normal' with NFSS spec.:
. <->s*[0.9615405190]"Times/AAT:"
. 
. * 'bold' with NFSS spec.:
. <->s*[0.9353738250]"Times/B/AAT:"
. 
. * 'italic' with NFSS spec.:
. <->s*[0.9717311860]"Times/I/AAT:"
. 
. * 'bold italic' with NFSS spec.:
. <->s*[0.9322037920]"Times/BI/AAT:"
.................................................
.................................................
. fontspec info: "no-scripts"
. 
. Font Baskerville does not contain any OpenType `Script' information.
.................................................
.................................................
. fontspec info: "set-scale"
. 
. Baskerville scale = 1.078433529.
.................................................
\g_fontspec_family_Baskerville_int=\count169
.................................................
. fontspec info: "set-scale"
. 
. Baskerville scale = 1.078433529.
.................................................
.................................................
. fontspec info: "set-scale"
. 
. Baskerville/B scale = 1.078433529.
.................................................
.................................................
. fontspec info: "set-scale"
. 
. Baskerville/I scale = 1.041666767.
.................................................
.................................................
. fontspec info: "set-scale"
. 
. Baskerville/BI scale = 1.041666767.
.................................................
.................................................
. fontspec info: "defining-font"
. 
. Font family 'Baskerville(0)' created for font 'Baskerville' with options
. [Scale=MatchLowercase,].
. 
. This font family consists of the following shapes:
. 
. * 'normal' with NFSS spec.:
. <->s*[1.078433529]"Baskerville/AAT:"
. 
. * 'bold' with NFSS spec.:
. <->s*[1.078433529]"Baskerville/B/AAT:"
. 
. * 'italic' with NFSS spec.:
. <->s*[1.041666767]"Baskerville/I/AAT:"
. 
. * 'bold italic' with NFSS spec.:
. <->s*[1.041666767]"Baskerville/BI/AAT:"
.................................................

(/usr/local/texlive/2012/texmf-dist/tex/latex/base/textcomp.sty
Package: textcomp 2005/09/27 v1.99g Standard LaTeX package
Package textcomp Info: Sub-encoding information:
(textcomp)               5 = only ISO-Adobe without \textcurrency
(textcomp)               4 = 5 + \texteuro
(textcomp)               3 = 4 + \textohm
(textcomp)               2 = 3 + \textestimated + \textcurrency
(textcomp)               1 = TS1 - \textcircled - \t
(textcomp)               0 = TS1 (full)
(textcomp)             Font families with sub-encoding setting implement
(textcomp)             only a restricted character set as indicated.
(textcomp)             Family '?' is the default used for unknown fonts.
(textcomp)             See the documentation for details.
Package textcomp Info: Setting ? sub-encoding to TS1/1 on input line 71.

(/usr/local/texlive/2012/texmf-dist/tex/latex/base/ts1enc.def
File: ts1enc.def 2001/06/05 v3.0e (jk/car/fm) Standard LaTeX file
)
LaTeX Info: Redefining \oldstylenums on input line 266.
Package textcomp Info: Setting cmr sub-encoding to TS1/0 on input line 281.
Package textcomp Info: Setting cmss sub-encoding to TS1/0 on input line 282.
Package textcomp Info: Setting cmtt sub-encoding to TS1/0 on input line 283.
Package textcomp Info: Setting cmvtt sub-encoding to TS1/0 on input line 284.
Package textcomp Info: Setting cmbr sub-encoding to TS1/0 on input line 285.
Package textcomp Info: Setting cmtl sub-encoding to TS1/0 on input line 286.
Package textcomp Info: Setting ccr sub-encoding to TS1/0 on input line 287.
Package textcomp Info: Setting ptm sub-encoding to TS1/4 on input line 288.
Package textcomp Info: Setting pcr sub-encoding to TS1/4 on input line 289.
Package textcomp Info: Setting phv sub-encoding to TS1/4 on input line 290.
Package textcomp Info: Setting ppl sub-encoding to TS1/3 on input line 291.
Package textcomp Info: Setting pag sub-encoding to TS1/4 on input line 292.
Package textcomp Info: Setting pbk sub-encoding to TS1/4 on input line 293.
Package textcomp Info: Setting pnc sub-encoding to TS1/4 on input line 294.
Package textcomp Info: Setting pzc sub-encoding to TS1/4 on input line 295.
Package textcomp Info: Setting bch sub-encoding to TS1/4 on input line 296.
Package textcomp Info: Setting put sub-encoding to TS1/5 on input line 297.
Package textcomp Info: Setting uag sub-encoding to TS1/5 on input line 298.
Package textcomp Info: Setting ugq sub-encoding to TS1/5 on input line 299.
Package textcomp Info: Setting ul8 sub-encoding to TS1/4 on input line 300.
Package textcomp Info: Setting ul9 sub-encoding to TS1/4 on input line 301.
Package textcomp Info: Setting augie sub-encoding to TS1/5 on input line 302.
Package textcomp Info: Setting dayrom sub-encoding to TS1/3 on input line 303.
Package textcomp Info: Setting dayroms sub-encoding to TS1/3 on input line 304.

Package textcomp Info: Setting pxr sub-encoding to TS1/0 on input line 305.
Package textcomp Info: Setting pxss sub-encoding to TS1/0 on input line 306.
Package textcomp Info: Setting pxtt sub-encoding to TS1/0 on input line 307.
Package textcomp Info: Setting txr sub-encoding to TS1/0 on input line 308.
Package textcomp Info: Setting txss sub-encoding to TS1/0 on input line 309.
Package textcomp Info: Setting txtt sub-encoding to TS1/0 on input line 310.
Package textcomp Info: Setting lmr sub-encoding to TS1/0 on input line 311.
Package textcomp Info: Setting lmdh sub-encoding to TS1/0 on input line 312.
Package textcomp Info: Setting lmss sub-encoding to TS1/0 on input line 313.
Package textcomp Info: Setting lmssq sub-encoding to TS1/0 on input line 314.
Package textcomp Info: Setting lmvtt sub-encoding to TS1/0 on input line 315.
Package textcomp Info: Setting qhv sub-encoding to TS1/0 on input line 316.
Package textcomp Info: Setting qag sub-encoding to TS1/0 on input line 317.
Package textcomp Info: Setting qbk sub-encoding to TS1/0 on input line 318.
Package textcomp Info: Setting qcr sub-encoding to TS1/0 on input line 319.
Package textcomp Info: Setting qcs sub-encoding to TS1/0 on input line 320.
Package textcomp Info: Setting qpl sub-encoding to TS1/0 on input line 321.
Package textcomp Info: Setting qtm sub-encoding to TS1/0 on input line 322.
Package textcomp Info: Setting qzc sub-encoding to TS1/0 on input line 323.
Package textcomp Info: Setting qhvc sub-encoding to TS1/0 on input line 324.
Package textcomp Info: Setting futs sub-encoding to TS1/4 on input line 325.
Package textcomp Info: Setting futx sub-encoding to TS1/4 on input line 326.
Package textcomp Info: Setting futj sub-encoding to TS1/4 on input line 327.
Package textcomp Info: Setting hlh sub-encoding to TS1/3 on input line 328.
Package textcomp Info: Setting hls sub-encoding to TS1/3 on input line 329.
Package textcomp Info: Setting hlst sub-encoding to TS1/3 on input line 330.
Package textcomp Info: Setting hlct sub-encoding to TS1/5 on input line 331.
Package textcomp Info: Setting hlx sub-encoding to TS1/5 on input line 332.
Package textcomp Info: Setting hlce sub-encoding to TS1/5 on input line 333.
Package textcomp Info: Setting hlcn sub-encoding to TS1/5 on input line 334.
Package textcomp Info: Setting hlcw sub-encoding to TS1/5 on input line 335.
Package textcomp Info: Setting hlcf sub-encoding to TS1/5 on input line 336.
Package textcomp Info: Setting pplx sub-encoding to TS1/3 on input line 337.
Package textcomp Info: Setting pplj sub-encoding to TS1/3 on input line 338.
Package textcomp Info: Setting ptmx sub-encoding to TS1/4 on input line 339.
Package textcomp Info: Setting ptmj sub-encoding to TS1/4 on input line 340.
)
(/usr/local/texlive/2012/texmf-dist/tex/latex/xcolor/xcolor.sty
Package: xcolor 2007/01/21 v2.11 LaTeX color extensions (UK)

(/usr/local/texlive/2012/texmf-dist/tex/latex/latexconfig/color.cfg
File: color.cfg 2007/01/18 v1.5 color configuration of teTeX/TeXLive
)
Package xcolor Info: Driver file: xetex.def on input line 225.
LaTeX Info: Redefining \color on input line 702.
Package xcolor Info: Model `cmy' substituted by `cmy0' on input line 1337.
Package xcolor Info: Model `RGB' extended on input line 1353.
Package xcolor Info: Model `HTML' substituted by `rgb' on input line 1355.
Package xcolor Info: Model `Hsb' substituted by `hsb' on input line 1356.
Package xcolor Info: Model `tHsb' substituted by `hsb' on input line 1357.
Package xcolor Info: Model `HSB' substituted by `hsb' on input line 1358.
Package xcolor Info: Model `Gray' substituted by `gray' on input line 1359.
Package xcolor Info: Model `wave' substituted by `hsb' on input line 1360.

(/usr/local/texlive/2012/texmf-dist/tex/latex/xcolor/svgnam.def
File: svgnam.def 2007/01/21 v2.11 Predefined colors according to SVG 1.1 (UK)
))
(/usr/local/texlive/2012/texmf-dist/tex/latex/psnfss/pifont.sty
Package: pifont 2005/04/12 PSNFSS-v9.2a Pi font support (SPQR) 
LaTeX Font Info:    Try loading font information for U+pzd on input line 63.

(/usr/local/texlive/2012/texmf-dist/tex/latex/psnfss/upzd.fd
File: upzd.fd 2001/06/04 font definitions for U/pzd.
)
LaTeX Font Info:    Try loading font information for U+psy on input line 64.

(/usr/local/texlive/2012/texmf-dist/tex/latex/psnfss/upsy.fd
File: upsy.fd 2001/06/04 font definitions for U/psy.
))
(/usr/local/texlive/2012/texmf-dist/tex/latex/bbding/bbding.sty
Package: bbding 1999/04/15 v1.01 Dingbats symbols
) (./cv.aux)
\openout1 = `cv.aux'.

LaTeX Font Info:    Checking defaults for OML/cmm/m/it on input line 98.
LaTeX Font Info:    ... okay on input line 98.
LaTeX Font Info:    Checking defaults for T1/cmr/m/n on input line 98.
LaTeX Font Info:    ... okay on input line 98.
LaTeX Font Info:    Checking defaults for OT1/cmr/m/n on input line 98.
LaTeX Font Info:    ... okay on input line 98.
LaTeX Font Info:    Checking defaults for OMS/cmsy/m/n on input line 98.
LaTeX Font Info:    ... okay on input line 98.
LaTeX Font Info:    Checking defaults for OMX/cmex/m/n on input line 98.
LaTeX Font Info:    ... okay on input line 98.
LaTeX Font Info:    Checking defaults for U/cmr/m/n on input line 98.
LaTeX Font Info:    ... okay on input line 98.
LaTeX Font Info:    Checking defaults for EU1/lmr/m/n on input line 98.
LaTeX Font Info:    ... okay on input line 98.
LaTeX Font Info:    Checking defaults for T3/cmr/m/n on input line 98.
LaTeX Font Info:    Try loading font information for T3+cmr on input line 98.

(/usr/local/texlive/2012/texmf-dist/tex/latex/tipa/t3cmr.fd
File: t3cmr.fd 2001/12/31 TIPA font definitions
)
LaTeX Font Info:    ... okay on input line 98.
LaTeX Font Info:    Checking defaults for TS1/cmr/m/n on input line 98.
LaTeX Font Info:    Try loading font information for TS1+cmr on input line 98.

(/usr/local/texlive/2012/texmf-dist/tex/latex/base/ts1cmr.fd
File: ts1cmr.fd 1999/05/25 v2.5h Standard LaTeX font definitions
)
LaTeX Font Info:    ... okay on input line 98.
LaTeX Font Info:    Font shape `EU1/TrebuchetMS(0)/m/n' will be
(Font)              scaled to size 9.03654pt on input line 98.
.................................................
. fontspec info: "setup-math"
. 
. Adjusting the maths setup (use [no-math] to avoid this).
.................................................
\symlegacymaths=\mathgroup4
LaTeX Font Info:    Overwriting symbol font `legacymaths' in version `bold'
(Font)                  OT1/cmr/m/n --> OT1/cmr/bx/n on input line 98.
LaTeX Font Info:    Redeclaring math accent \acute on input line 98.
LaTeX Font Info:    Redeclaring math accent \grave on input line 98.
LaTeX Font Info:    Redeclaring math accent \ddot on input line 98.
LaTeX Font Info:    Redeclaring math accent \tilde on input line 98.
LaTeX Font Info:    Redeclaring math accent \bar on input line 98.
LaTeX Font Info:    Redeclaring math accent \breve on input line 98.
LaTeX Font Info:    Redeclaring math accent \check on input line 98.
LaTeX Font Info:    Redeclaring math accent \hat on input line 98.
LaTeX Font Info:    Redeclaring math accent \dot on input line 98.
LaTeX Font Info:    Redeclaring math accent \mathring on input line 98.
LaTeX Font Info:    Redeclaring math symbol \colon on input line 98.
LaTeX Font Info:    Redeclaring math symbol \Gamma on input line 98.
LaTeX Font Info:    Redeclaring math symbol \Delta on input line 98.
LaTeX Font Info:    Redeclaring math symbol \Theta on input line 98.
LaTeX Font Info:    Redeclaring math symbol \Lambda on input line 98.
LaTeX Font Info:    Redeclaring math symbol \Xi on input line 98.
LaTeX Font Info:    Redeclaring math symbol \Pi on input line 98.
LaTeX Font Info:    Redeclaring math symbol \Sigma on input line 98.
LaTeX Font Info:    Redeclaring math symbol \Upsilon on input line 98.
LaTeX Font Info:    Redeclaring math symbol \Phi on input line 98.
LaTeX Font Info:    Redeclaring math symbol \Psi on input line 98.
LaTeX Font Info:    Redeclaring math symbol \Omega on input line 98.
LaTeX Font Info:    Redeclaring math symbol \mathdollar on input line 98.
LaTeX Font Info:    Redeclaring symbol font `operators' on input line 98.
LaTeX Font Info:    Encoding `OT1' has changed to `EU1' for symbol font
(Font)              `operators' in the math version `normal' on input line 98.
LaTeX Font Info:    Overwriting symbol font `operators' in version `normal'
(Font)                  OT1/cmr/m/n --> EU1/TrebuchetMS(0)/m/n on input line 98
.
LaTeX Font Info:    Encoding `OT1' has changed to `EU1' for symbol font
(Font)              `operators' in the math version `bold' on input line 98.
LaTeX Font Info:    Overwriting symbol font `operators' in version `bold'
(Font)                  OT1/cmr/bx/n --> EU1/TrebuchetMS(0)/m/n on input line 9
8.
LaTeX Font Info:    Overwriting symbol font `operators' in version `normal'
(Font)                  EU1/TrebuchetMS(0)/m/n --> EU1/TrebuchetMS(0)/m/n on in
put line 98.
LaTeX Font Info:    Overwriting math alphabet `\mathrm' in version `normal'
(Font)                  EU1/TrebuchetMS(0)/m/n --> EU1/TrebuchetMS(0)/m/n on in
put line 98.
LaTeX Font Info:    Overwriting math alphabet `\mathit' in version `normal'
(Font)                  OT1/cmr/m/it --> EU1/TrebuchetMS(0)/m/it on input line 
98.
LaTeX Font Info:    Overwriting math alphabet `\mathbf' in version `normal'
(Font)                  OT1/cmr/bx/n --> EU1/TrebuchetMS(0)/bx/n on input line 
98.
LaTeX Font Info:    Overwriting math alphabet `\mathsf' in version `normal'
(Font)                  OT1/cmss/m/n --> EU1/lmss/m/n on input line 98.
LaTeX Font Info:    Overwriting math alphabet `\mathtt' in version `normal'
(Font)                  OT1/cmtt/m/n --> EU1/lmtt/m/n on input line 98.
LaTeX Font Info:    Overwriting symbol font `operators' in version `bold'
(Font)                  EU1/TrebuchetMS(0)/m/n --> EU1/TrebuchetMS(0)/bx/n on i
nput line 98.
LaTeX Font Info:    Overwriting math alphabet `\mathrm' in version `bold'
(Font)                  EU1/TrebuchetMS(0)/m/n --> EU1/TrebuchetMS(0)/bx/n on i
nput line 98.
LaTeX Font Info:    Overwriting math alphabet `\mathit' in version `bold'
(Font)                  OT1/cmr/bx/it --> EU1/TrebuchetMS(0)/bx/it on input lin
e 98.
LaTeX Font Info:    Overwriting math alphabet `\mathsf' in version `bold'
(Font)                  OT1/cmss/bx/n --> EU1/lmss/bx/n on input line 98.
LaTeX Font Info:    Overwriting math alphabet `\mathtt' in version `bold'
(Font)                  OT1/cmtt/m/n --> EU1/lmtt/bx/n on input line 98.
LaTeX Font Info:    Font shape `EU1/TrebuchetMS(0)/m/n' will be
(Font)              scaled to size 6.60205pt on input line 99.
LaTeX Font Info:    Font shape `EU1/TrebuchetMS(0)/m/n' will be
(Font)              scaled to size 4.95154pt on input line 99.
LaTeX Font Info:    External font `cmex10' loaded for size
(Font)              <10.95> on input line 99.
LaTeX Font Info:    External font `cmex10' loaded for size
(Font)              <8> on input line 99.
LaTeX Font Info:    External font `cmex10' loaded for size
(Font)              <6> on input line 99.
LaTeX Font Info:    Font shape `EU1/TrebuchetMS(0)/bx/n' will be
(Font)              scaled to size 9.03654pt on input line 100.
LaTeX Font Info:    Font shape `EU1/TrebuchetMS(0)/bx/n' will be
(Font)              scaled to size 11.88368pt on input line 100.
LaTeX Font Info:    Font shape `EU1/Times(0)/bx/n' will be
(Font)              scaled to size 24.31985pt on input line 100.
LaTeX Font Info:    Try loading font information for U+ding on input line 100.

(/usr/local/texlive/2012/texmf-dist/tex/latex/bbding/Uding.fd
File: Uding.fd 1996/02/01 v1.0 BBding font definitions
)
LaTeX Font Info:    Font shape `EU1/TrebuchetMS(0)/bx/n' will be
(Font)              scaled to size 9.90308pt on input line 107.
LaTeX Font Info:    Font shape `EU1/TrebuchetMS(0)/m/it' will be
(Font)              scaled to size 9.03654pt on input line 110.
 [1

] [2]
LaTeX Font Info:    Font shape `EU1/Baskerville(0)/m/n' will be
(Font)              scaled to size 11.80879pt on input line 279.
LaTeX Font Info:    Font shape `EU1/Baskerville(0)/m/n' will be
(Font)              scaled to size 8.62744pt on input line 283.
 [3]
(./cv.aux) ) 
Here is how much of TeX's memory you used:
 14676 strings out of 494004
 314495 string characters out of 3150890
 321691 words of memory out of 3000000
 17759 multiletter control sequences out of 15000+200000
 7462 words of font info for 57 fonts, out of 3000000 for 9000
 1144 hyphenation exceptions out of 8191
 44i,7n,46p,610b,212s stack positions out of 5000i,500n,10000p,200000b,50000s

Output written on cv.pdf (3 pages).
